<?xml version="1.0" encoding="UTF-8"?>
<!-- Generated by org.testng.reporters.JUnitReportReporter -->
<testsuite skipped="0" hostname="DESKTOP-GPITC13" name="orangehrm.testcases.OrangeHRMTestSuit" tests="1" failures="0" timestamp="02 Apr 2023 10:29:59 GMT" time="40.387" errors="0">
  <testcase name="checkOrangeHRM" time="40.387" classname="orangehrm.testcases.OrangeHRMTestSuit"/>
</testsuite> <!-- orangehrm.testcases.OrangeHRMTestSuit -->
